app/build/intermediates/manifest_merge_blame_file/debug/manifest-merger-blame-debug-report 2.txt
1<?xml version="1.0" encoding="utf-8"?>
2<manifest xmlns:android="http://schemas.android.com/apk/res/android"
3    package="com.idrisdemir.badapp"
4    android:versionCode="1"
5    android:versionName="1.0" >
6
7    <uses-sdk
8        android:minSdkVersion="30"
8-->src/main/AndroidManifest.xml
9        android:targetSdkVersion="30" />
9-->src/main/AndroidManifest.xml
10
11    <uses-permission android:name="android.permission.WAKE_LOCK" />
11-->src/main/AndroidManifest.xml:5:5-68
11-->src/main/AndroidManifest.xml:5:22-65
12
13    <uses-feature android:name="android.hardware.type.watch" />
13-->src/main/AndroidManifest.xml:7:5-64
13-->src/main/AndroidManifest.xml:7:19-61
14
15    <uses-permission android:name="android.permission.INTERNET" />
15-->src/main/AndroidManifest.xml:9:5-67
15-->src/main/AndroidManifest.xml:9:22-64
16
17    <!-- Although the *SdkVersion is captured in gradle build files, this is required for non gradle builds -->
18    <!-- <uses-sdk android:minSdkVersion="14"/> -->
19    <uses-permission android:name="android.permission.ACCESS_NETWORK_STATE" />
19-->[com.google.firebase:firebase-database:19.7.0] AndroidManifest.xml:25:5-79
19-->[com.google.firebase:firebase-database:19.7.0] AndroidManifest.xml:25:22-76
20
21    <application
21-->src/main/AndroidManifest.xml:11:5-36:19
22        android:allowBackup="true"
22-->src/main/AndroidManifest.xml:12:9-35
23        android:appComponentFactory="androidx.core.app.CoreComponentFactory"
23-->[androidx.core:core:1.3.1] AndroidManifest.xml:24:18-86
24        android:debuggable="true"
25        android:extractNativeLibs="false"
26        android:icon="@mipmap/ic_launcher"
26-->src/main/AndroidManifest.xml:13:9-43
27        android:label="@string/app_name"
27-->src/main/AndroidManifest.xml:14:9-41
28        android:roundIcon="@mipmap/ic_launcher_round"
28-->src/main/AndroidManifest.xml:15:9-54
29        android:supportsRtl="true"
29-->src/main/AndroidManifest.xml:16:9-35
30        android:testOnly="true"
31        android:theme="@style/AppTheme.NoActionBar" >
31-->src/main/AndroidManifest.xml:17:9-52
32        <activity
32-->src/main/AndroidManifest.xml:18:9-28:20
33            android:name="com.idrisdemir.badapp.Welcome"
33-->src/main/AndroidManifest.xml:19:13-36
34            android:configChanges="orientation|keyboardHidden|screenSize"
34-->src/main/AndroidManifest.xml:20:13-74
35            android:label="@string/title_activity_welcome"
35-->src/main/AndroidManifest.xml:21:13-59
36            android:theme="@style/AppTheme.NoActionBar" >
36-->src/main/AndroidManifest.xml:22:13-56
37            <intent-filter>
37-->src/main/AndroidManifest.xml:23:13-27:29
38                <action android:name="android.intent.action.MAIN" />
38-->src/main/AndroidManifest.xml:24:17-69
38-->src/main/AndroidManifest.xml:24:25-66
39
40                <category android:name="android.intent.category.LAUNCHER" />
40-->src/main/AndroidManifest.xml:26:17-77
40-->src/main/AndroidManifest.xml:26:27-74
41            </intent-filter>
42        </activity>
43        <activity android:name="com.idrisdemir.badapp.MainActivity" >
43-->src/main/AndroidManifest.xml:29:9-35:20
43-->src/main/AndroidManifest.xml:29:19-47
44            <intent-filter>
44-->src/main/AndroidManifest.xml:23:13-27:29
45                <action android:name="android.intent.action.MAIN" />
45-->src/main/AndroidManifest.xml:24:17-69
45-->src/main/AndroidManifest.xml:24:25-66
46
47                <category android:name="android.intent.category.LAUNCHER" />
47-->src/main/AndroidManifest.xml:26:17-77
47-->src/main/AndroidManifest.xml:26:27-74
48            </intent-filter>
49        </activity>
50
51        <service
51-->[com.google.firebase:firebase-database:19.7.0] AndroidManifest.xml:29:9-35:19
52            android:name="com.google.firebase.components.ComponentDiscoveryService"
52-->[com.google.firebase:firebase-database:19.7.0] AndroidManifest.xml:30:13-84
53            android:directBootAware="true"
53-->[com.google.firebase:firebase-common:19.5.0] AndroidManifest.xml:35:13-43
54            android:exported="false" >
54-->[com.google.firebase:firebase-database:19.7.0] AndroidManifest.xml:31:13-37
55            <meta-data
55-->[com.google.firebase:firebase-database:19.7.0] AndroidManifest.xml:32:13-34:85
56                android:name="com.google.firebase.components:com.google.firebase.database.DatabaseRegistrar"
56-->[com.google.firebase:firebase-database:19.7.0] AndroidManifest.xml:33:17-109
57                android:value="com.google.firebase.components.ComponentRegistrar" />
57-->[com.google.firebase:firebase-database:19.7.0] AndroidManifest.xml:34:17-82
58            <!--
59                This registrar is not defined in the dynamic-module-support sdk itself to allow non-firebase
60                clients to use it as well, by defining this registrar in their own core/common library.
61            -->
62            <meta-data
62-->[com.google.firebase:firebase-common:19.5.0] AndroidManifest.xml:43:13-45:85
63                android:name="com.google.firebase.components:com.google.firebase.dynamicloading.DynamicLoadingRegistrar"
63-->[com.google.firebase:firebase-common:19.5.0] AndroidManifest.xml:44:17-121
64                android:value="com.google.firebase.components.ComponentRegistrar" />
64-->[com.google.firebase:firebase-common:19.5.0] AndroidManifest.xml:45:17-82
65        </service>
66
67        <activity
67-->[com.google.android.gms:play-services-base:17.0.0] AndroidManifest.xml:23:9-26:75
68            android:name="com.google.android.gms.common.api.GoogleApiActivity"
68-->[com.google.android.gms:play-services-base:17.0.0] AndroidManifest.xml:24:13-79
69            android:exported="false"
69-->[com.google.android.gms:play-services-base:17.0.0] AndroidManifest.xml:25:13-37
70            android:theme="@android:style/Theme.Translucent.NoTitleBar" />
70-->[com.google.android.gms:play-services-base:17.0.0] AndroidManifest.xml:26:13-72
71
72        <provider
72-->[com.google.firebase:firebase-common:19.5.0] AndroidManifest.xml:26:9-31:39
73            android:name="com.google.firebase.provider.FirebaseInitProvider"
73-->[com.google.firebase:firebase-common:19.5.0] AndroidManifest.xml:27:13-77
74            android:authorities="com.idrisdemir.badapp.firebaseinitprovider"
74-->[com.google.firebase:firebase-common:19.5.0] AndroidManifest.xml:28:13-72
75            android:directBootAware="true"
75-->[com.google.firebase:firebase-common:19.5.0] AndroidManifest.xml:29:13-43
76            android:exported="false"
76-->[com.google.firebase:firebase-common:19.5.0] AndroidManifest.xml:30:13-37
77            android:initOrder="100" />
77-->[com.google.firebase:firebase-common:19.5.0] AndroidManifest.xml:31:13-36
78
79        <meta-data
79-->[com.google.android.gms:play-services-basement:17.0.0] AndroidManifest.xml:23:9-25:69
80            android:name="com.google.android.gms.version"
80-->[com.google.android.gms:play-services-basement:17.0.0] AndroidManifest.xml:24:13-58
81            android:value="@integer/google_play_services_version" />
81-->[com.google.android.gms:play-services-basement:17.0.0] AndroidManifest.xml:25:13-66
82    </application>
83
84</manifest>